<?xml version="1.0" encoding="UTF-8"?>
<testsuite xmlns:xsi="http://www.w3.org/2001/XMLSchema-instance" xsi:noNamespaceSchemaLocation="https://maven.apache.org/surefire/maven-surefire-plugin/xsd/surefire-test-report-3.0.xsd" version="3.0" name="fitnessAcceptanceTest.AcceptanceTest" time="4.221" tests="79" errors="77" skipped="0" failures="0">
  <properties>
[...]
</properties>
  <testcase name="Create a new client profile with personal details" classname="Account Management" time="0.453">
    <error message="The step &apos;I am logged in as a Client&apos; and 2 other step(s) are undefined.&#10;You can implement these steps using the snippet(s) below:&#10;&#10;@Given(&quot;I am logged in as a Client&quot;)&#10;public void iAmLoggedInAsAClient() {&#10;    // Write code here that turns the phrase above into concrete actions&#10;    throw new io.cucumber.java.PendingException();&#10;}&#10;@When(&quot;I create a profile with my personal details including age and fitness goals&quot;)&#10;public void iCreateAProfileWithMyPersonalDetailsIncludingAgeAndFitnessGoals() {&#10;    // Write code here that turns the phrase above into concrete actions&#10;    throw new io.cucumber.java.PendingException();&#10;}&#10;@Then(&quot;my personal details should be saved successfully in my profile&quot;)&#10;public void myPersonalDetailsShouldBeSavedSuccessfullyInMyProfile() {&#10;    // Write code here that turns the phrase above into concrete actions&#10;    throw new io.cucumber.java.PendingException();&#10;}&#10;" type="io.cucumber.junit.UndefinedStepException"><![CDATA[io.cucumber.junit.UndefinedStepException: 
The step 'I am logged in as a Client' and 2 other step(s) are undefined.
You can implement these steps using the snippet(s) below:

@Given("I am logged in as a Client")
public void iAmLoggedInAsAClient() {
    // Write code here that turns the phrase above into concrete actions
    throw new io.cucumber.java.PendingException();
}
@When("I create a profile with my personal details including age and fitness goals")
public void iCreateAProfileWithMyPersonalDetailsIncludingAgeAndFitnessGoals() {
    // Write code here that turns the phrase above into concrete actions
    throw new io.cucumber.java.PendingException();
}
@Then("my personal details should be saved successfully in my profile")
public void myPersonalDetailsShouldBeSavedSuccessfullyInMyProfile() {
    // Write code here that turns the phrase above into concrete actions
    throw new io.cucumber.java.PendingException();
}

]]></error>
    <system-out><![CDATA[
@tag @tag1
Scenario: Create a new client profile with personal details                        # Features/Account Management (client).feature:7
  Given I am logged in as a Client
  When I create a profile with my personal details including age and fitness goals
  Then my personal details should be saved successfully in my profile
]]></system-out>
    <system-err><![CDATA[java.lang.instrument.IllegalClassFormatException: Error while instrumenting javax/lang/model/SourceVersion.
	at org.jacoco.agent.rt.internal_3570298.CoverageTransformer.transform(CoverageTransformer.java:94)
	at java.instrument/java.lang.instrument.ClassFileTransformer.transform(ClassFileTransformer.java:244)
	at java.instrument/sun.instrument.TransformerManager.transform(TransformerManager.java:188)
	at java.instrument/sun.instrument.InstrumentationImpl.transform(InstrumentationImpl.java:610)
	at java.base/java.lang.ClassLoader.defineClass2(Native Method)
	at java.base/java.lang.ClassLoader.defineClass(ClassLoader.java:1118)
	at java.base/java.security.SecureClassLoader.defineClass(SecureClassLoader.java:182)
	at java.base/jdk.internal.loader.BuiltinClassLoader.defineClass(BuiltinClassLoader.java:821)
	at java.base/jdk.internal.loader.BuiltinClassLoader.findClassInModuleOrNull(BuiltinClassLoader.java:741)
	at java.base/jdk.internal.loader.BuiltinClassLoader.loadClassOrNull(BuiltinClassLoader.java:665)
	at java.base/jdk.internal.loader.BuiltinClassLoader.loadClassOrNull(BuiltinClassLoader.java:700)
	at java.base/jdk.internal.loader.BuiltinClassLoader.loadClassOrNull(BuiltinClassLoader.java:669)
	at java.base/jdk.internal.loader.BuiltinClassLoader.loadClass(BuiltinClassLoader.java:639)
	at java.base/jdk.internal.loader.ClassLoaders$AppClassLoader.loadClass(ClassLoaders.java:188)
	at java.base/java.lang.ClassLoader.loadClass(ClassLoader.java:526)
	at io.cucumber.core.resource.ClasspathSupport.requireValidPackageName(ClasspathSupport.java:41)
	at io.cucumber.core.resource.ClasspathScanner.scanForClassesInPackage(ClasspathScanner.java:49)
	at io.cucumber.core.resource.ClasspathScanner.scanForClassesInPackage(ClasspathScanner.java:115)
	at java.base/java.util.stream.ReferencePipeline$3$1.accept(ReferencePipeline.java:197)
	at java.base/java.util.stream.ReferencePipeline$3$1.accept(ReferencePipeline.java:197)
	at java.base/java.util.stream.ReferencePipeline$2$1.accept(ReferencePipeline.java:179)
	at java.base/java.util.ArrayList$ArrayListSpliterator.forEachRemaining(ArrayList.java:1708)
	at java.base/java.util.stream.AbstractPipeline.copyInto(AbstractPipeline.java:509)
	at java.base/java.util.stream.AbstractPipeline.wrapAndCopyInto(AbstractPipeline.java:499)
	at java.base/java.util.stream.ForEachOps$ForEachOp.evaluateSequential(ForEachOps.java:151)
	at java.base/java.util.stream.ForEachOps$ForEachOp$OfRef.evaluateSequential(ForEachOps.java:174)
	at java.base/java.util.stream.AbstractPipeline.evaluate(AbstractPipeline.java:234)
	at java.base/java.util.stream.ReferencePipeline.forEach(ReferencePipeline.java:596)
	at io.cucumber.java.JavaBackend.loadGlue(JavaBackend.java:41)
	at io.cucumber.core.runner.Runner.<init>(Runner.java:56)
	at io.cucumber.core.runtime.ThreadLocalRunnerSupplier.createRunner(ThreadLocalRunnerSupplier.java:47)
	at java.base/java.lang.ThreadLocal$SuppliedThreadLocal.initialValue(ThreadLocal.java:357)
	at java.base/java.lang.ThreadLocal.setInitialValue(ThreadLocal.java:225)
	at java.base/java.lang.ThreadLocal.get(ThreadLocal.java:194)
	at java.base/java.lang.ThreadLocal.get(ThreadLocal.java:172)
	at io.cucumber.core.runtime.ThreadLocalRunnerSupplier.get(ThreadLocalRunnerSupplier.java:40)
	at io.cucumber.core.runtime.RethrowingThrowableCollector.executeAndThrow(RethrowingThrowableCollector.java:35)
	at io.cucumber.core.runtime.CucumberExecutionContext.getRunner(CucumberExecutionContext.java:141)
	at io.cucumber.core.runtime.CucumberExecutionContext.runBeforeAllHooks(CucumberExecutionContext.java:93)
	at io.cucumber.core.runtime.CucumberExecutionContext.lambda$runFeatures$6(CucumberExecutionContext.java:147)
	at io.cucumber.core.runtime.CucumberExecutionContext.execute(CucumberExecutionContext.java:163)
	at io.cucumber.core.runtime.CucumberExecutionContext.runFeatures(CucumberExecutionContext.java:146)
	at io.cucumber.junit.Cucumber$StartAndFinishTestRun.evaluate(Cucumber.java:226)
	at org.junit.runners.ParentRunner$3.evaluate(ParentRunner.java:306)
	at org.junit.runners.ParentRunner.run(ParentRunner.java:413)
	at org.apache.maven.surefire.junit4.JUnit4Provider.execute(JUnit4Provider.java:364)
	at org.apache.maven.surefire.junit4.JUnit4Provider.executeWithRerun(JUnit4Provider.java:272)
	at org.apache.maven.surefire.junit4.JUnit4Provider.executeTestSet(JUnit4Provider.java:237)
	at org.apache.maven.surefire.junit4.JUnit4Provider.invoke(JUnit4Provider.java:158)
	at org.apache.maven.surefire.booter.ForkedBooter.runSuitesInProcess(ForkedBooter.java:428)
	at org.apache.maven.surefire.booter.ForkedBooter.execute(ForkedBooter.java:162)
	at org.apache.maven.surefire.booter.ForkedBooter.run(ForkedBooter.java:562)
	at org.apache.maven.surefire.booter.ForkedBooter.main(ForkedBooter.java:548)
Caused by: java.io.IOException: Error while instrumenting javax/lang/model/SourceVersion.
	at org.jacoco.agent.rt.internal_3570298.core.instr.Instrumenter.instrumentError(Instrumenter.java:160)
	at org.jacoco.agent.rt.internal_3570298.core.instr.Instrumenter.instrument(Instrumenter.java:110)
	at org.jacoco.agent.rt.internal_3570298.CoverageTransformer.transform(CoverageTransformer.java:92)
	... 52 more
Caused by: java.lang.IllegalArgumentException: Unsupported class file major version 65
	at org.jacoco.agent.rt.internal_3570298.asm.ClassReader.<init>(ClassReader.java:196)
	at org.jacoco.agent.rt.internal_3570298.asm.ClassReader.<init>(ClassReader.java:177)
	at org.jacoco.agent.rt.internal_3570298.asm.ClassReader.<init>(ClassReader.java:163)
	at org.jacoco.agent.rt.internal_3570298.core.internal.instr.InstrSupport.classReaderFor(InstrSupport.java:280)
	at org.jacoco.agent.rt.internal_3570298.core.instr.Instrumenter.instrument(Instrumenter.java:76)
	at org.jacoco.agent.rt.internal_3570298.core.instr.Instrumenter.instrument(Instrumenter.java:108)
	... 53 more
java.lang.instrument.IllegalClassFormatException: Error while instrumenting sun/util/resources/provider/NonBaseLocaleDataMetaInfo.
	at org.jacoco.agent.rt.internal_3570298.CoverageTransformer.transform(CoverageTransformer.java:94)
	at java.instrument/java.lang.instrument.ClassFileTransformer.transform(ClassFileTransformer.java:244)
	at java.instrument/sun.instrument.TransformerManager.transform(TransformerManager.java:188)
	at java.instrument/sun.instrument.InstrumentationImpl.transform(InstrumentationImpl.java:610)
	at java.base/java.lang.ClassLoader.defineClass2(Native Method)
	at java.base/java.lang.ClassLoader.defineClass(ClassLoader.java:1118)
	at java.base/java.security.SecureClassLoader.defineClass(SecureClassLoader.java:182)
	at java.base/jdk.internal.loader.BuiltinClassLoader.defineClass(BuiltinClassLoader.java:821)
	at java.base/jdk.internal.loader.BuiltinClassLoader.findClassInModuleOrNull(BuiltinClassLoader.java:741)
	at java.base/jdk.internal.loader.BuiltinClassLoader.findClass(BuiltinClassLoader.java:621)
	at java.base/java.lang.ClassLoader.loadClass(ClassLoader.java:638)
	at java.base/java.lang.Class.forName(Class.java:625)
	at java.base/java.lang.Class.forName(Class.java:600)
	at java.base/java.util.ServiceLoader.loadProvider(ServiceLoader.java:859)
	at java.base/java.util.ServiceLoader$ModuleServicesLookupIterator.hasNext(ServiceLoader.java:1084)
	at java.base/java.util.ServiceLoader$2.hasNext(ServiceLoader.java:1309)
	at java.base/java.util.ServiceLoader$3.hasNext(ServiceLoader.java:1393)
	at java.base/sun.util.locale.provider.JRELocaleProviderAdapter.lambda$createSupportedLocaleString$13(JRELocaleProviderAdapter.java:469)
	at java.base/java.security.AccessController.doPrivileged(AccessController.java:571)
	at java.base/sun.util.locale.provider.JRELocaleProviderAdapter.createSupportedLocaleString(JRELocaleProviderAdapter.java:466)
	at java.base/sun.util.locale.provider.JRELocaleProviderAdapter.createLanguageTagSet(JRELocaleProviderAdapter.java:453)
	at java.base/sun.util.locale.provider.JRELocaleProviderAdapter.getLanguageTagSet(JRELocaleProviderAdapter.java:443)
	at java.base/sun.util.locale.provider.JRELocaleProviderAdapter.lambda$getCollatorProvider$1(JRELocaleProviderAdapter.java:166)
	at java.base/java.security.AccessController.doPrivileged(AccessController.java:319)
	at java.base/sun.util.locale.provider.JRELocaleProviderAdapter.getCollatorProvider(JRELocaleProviderAdapter.java:162)
	at java.base/sun.util.locale.provider.JRELocaleProviderAdapter.getLocaleServiceProvider(JRELocaleProviderAdapter.java:92)
	at java.base/sun.util.locale.provider.LocaleProviderAdapter.findAdapter(LocaleProviderAdapter.java:295)
	at java.base/sun.util.locale.provider.LocaleProviderAdapter.getAdapter(LocaleProviderAdapter.java:264)
	at java.base/java.text.Collator.getInstance(Collator.java:290)
	at io.cucumber.cucumberexpressions.GeneratedExpression.<clinit>(GeneratedExpression.java:15)
	at io.cucumber.cucumberexpressions.CombinatorialGeneratedExpressionFactory.generatePermutations(CombinatorialGeneratedExpressionFactory.java:39)
	at io.cucumber.cucumberexpressions.CombinatorialGeneratedExpressionFactory.generateExpressions(CombinatorialGeneratedExpressionFactory.java:25)
	at io.cucumber.cucumberexpressions.CucumberExpressionGenerator.generateExpressions(CucumberExpressionGenerator.java:78)
	at io.cucumber.core.snippets.SnippetGenerator.getSnippet(SnippetGenerator.java:41)
	at io.cucumber.core.runner.Runner.generateSnippetsForStep(Runner.java:227)
	at io.cucumber.core.runner.Runner.emitSnippetSuggestedEvent(Runner.java:195)
	at io.cucumber.core.runner.Runner.matchStepToStepDefinition(Runner.java:187)
	at io.cucumber.core.runner.Runner.createTestStepsForPickleSteps(Runner.java:163)
	at io.cucumber.core.runner.Runner.createTestCaseForPickle(Runner.java:146)
	at io.cucumber.core.runner.Runner.runPickle(Runner.java:74)
	at io.cucumber.junit.PickleRunners$NoStepDescriptions.lambda$run$0(PickleRunners.java:151)
	at io.cucumber.core.runtime.CucumberExecutionContext.lambda$runTestCase$5(CucumberExecutionContext.java:137)
	at io.cucumber.core.runtime.RethrowingThrowableCollector.executeAndThrow(RethrowingThrowableCollector.java:23)
	at io.cucumber.core.runtime.CucumberExecutionContext.runTestCase(CucumberExecutionContext.java:137)
	at io.cucumber.junit.PickleRunners$NoStepDescriptions.run(PickleRunners.java:148)
	at io.cucumber.junit.FeatureRunner.runChild(FeatureRunner.java:144)
	at io.cucumber.junit.FeatureRunner.runChild(FeatureRunner.java:28)
	at org.junit.runners.ParentRunner$4.run(ParentRunner.java:331)
	at org.junit.runners.ParentRunner$1.schedule(ParentRunner.java:79)
	at org.junit.runners.ParentRunner.runChildren(ParentRunner.java:329)
	at org.junit.runners.ParentRunner.access$100(ParentRunner.java:66)
	at org.junit.runners.ParentRunner$2.evaluate(ParentRunner.java:293)
	at org.junit.runners.ParentRunner$3.evaluate(ParentRunner.java:306)
	at org.junit.runners.ParentRunner.run(ParentRunner.java:413)
	at io.cucumber.junit.FeatureRunner.run(FeatureRunner.java:137)
	at io.cucumber.junit.Cucumber.runChild(Cucumber.java:196)
	at io.cucumber.junit.Cucumber.runChild(Cucumber.java:89)
	at org.junit.runners.ParentRunner$4.run(ParentRunner.java:331)
	at org.junit.runners.ParentRunner$1.schedule(ParentRunner.java:79)
	at org.junit.runners.ParentRunner.runChildren(ParentRunner.java:329)
	at org.junit.runners.ParentRunner.access$100(ParentRunner.java:66)
	at org.junit.runners.ParentRunner$2.evaluate(ParentRunner.java:293)
	at io.cucumber.core.runtime.CucumberExecutionContext.lambda$runFeatures$6(CucumberExecutionContext.java:148)
	at io.cucumber.core.runtime.CucumberExecutionContext.execute(CucumberExecutionContext.java:163)
	at io.cucumber.core.runtime.CucumberExecutionContext.runFeatures(CucumberExecutionContext.java:146)
	at io.cucumber.junit.Cucumber$StartAndFinishTestRun.evaluate(Cucumber.java:226)
	at org.junit.runners.ParentRunner$3.evaluate(ParentRunner.java:306)
	at org.junit.runners.ParentRunner.run(ParentRunner.java:413)
	at org.apache.maven.surefire.junit4.JUnit4Provider.execute(JUnit4Provider.java:364)
	at org.apache.maven.surefire.junit4.JUnit4Provider.executeWithRerun(JUnit4Provider.java:272)
	at org.apache.maven.surefire.junit4.JUnit4Provider.executeTestSet(JUnit4Provider.java:237)
	at org.apache.maven.surefire.junit4.JUnit4Provider.invoke(JUnit4Provider.java:158)
	at org.apache.maven.surefire.booter.ForkedBooter.runSuitesInProcess(ForkedBooter.java:428)
	at org.apache.maven.surefire.booter.ForkedBooter.execute(ForkedBooter.java:162)
	at org.apache.maven.surefire.booter.ForkedBooter.run(ForkedBooter.java:562)
	at org.apache.maven.surefire.booter.ForkedBooter.main(ForkedBooter.java:548)
Caused by: java.io.IOException: Error while instrumenting sun/util/resources/provider/NonBaseLocaleDataMetaInfo.
	at org.jacoco.agent.rt.internal_3570298.core.instr.Instrumenter.instrumentError(Instrumenter.java:160)
	at org.jacoco.agent.rt.internal_3570298.core.instr.Instrumenter.instrument(Instrumenter.java:110)
	at org.jacoco.agent.rt.internal_3570298.CoverageTransformer.transform(CoverageTransformer.java:92)
	... 75 more
Caused by: java.lang.IllegalArgumentException: Unsupported class file major version 65
	at org.jacoco.agent.rt.internal_3570298.asm.ClassReader.<init>(ClassReader.java:196)
	at org.jacoco.agent.rt.internal_3570298.asm.ClassReader.<init>(ClassReader.java:177)
	at org.jacoco.agent.rt.internal_3570298.asm.ClassReader.<init>(ClassReader.java:163)
	at org.jacoco.agent.rt.internal_3570298.core.internal.instr.InstrSupport.classReaderFor(InstrSupport.java:280)
	at org.jacoco.agent.rt.internal_3570298.core.instr.Instrumenter.instrument(Instrumenter.java:76)
	at org.jacoco.agent.rt.internal_3570298.core.instr.Instrumenter.instrument(Instrumenter.java:108)
	... 76 more
]]></system-err>
  </testcase>
  <testcase name="Update personal details in my profile" classname="Account Management" time="0.02">
    <error message="The step &apos;I am logged in as a Client&apos; and 2 other step(s) are undefined.&#10;You can implement these steps using the snippet(s) below:&#10;&#10;@Given(&quot;I am logged in as a Client&quot;)&#10;public void iAmLoggedInAsAClient() {&#10;    // Write code here that turns the phrase above into concrete actions&#10;    throw new io.cucumber.java.PendingException();&#10;}&#10;@When(&quot;I update my personal details such as age and fitness goals&quot;)&#10;public void iUpdateMyPersonalDetailsSuchAsAgeAndFitnessGoals() {&#10;    // Write code here that turns the phrase above into concrete actions&#10;    throw new io.cucumber.java.PendingException();&#10;}&#10;@Then(&quot;my updated personal details should be saved successfully in my profile&quot;)&#10;public void myUpdatedPersonalDetailsShouldBeSavedSuccessfullyInMyProfile() {&#10;    // Write code here that turns the phrase above into concrete actions&#10;    throw new io.cucumber.java.PendingException();&#10;}&#10;" type="io.cucumber.junit.UndefinedStepException"><![CDATA[io.cucumber.junit.UndefinedStepException: 
The step 'I am logged in as a Client' and 2 other step(s) are undefined.
You can implement these steps using the snippet(s) below:

@Given("I am logged in as a Client")
public void iAmLoggedInAsAClient() {
    // Write code here that turns the phrase above into concrete actions
    throw new io.cucumber.java.PendingException();
}
@When("I update my personal details such as age and fitness goals")
public void iUpdateMyPersonalDetailsSuchAsAgeAndFitnessGoals() {
    // Write code here that turns the phrase above into concrete actions
    throw new io.cucumber.java.PendingException();
}
@Then("my updated personal details should be saved successfully in my profile")
public void myUpdatedPersonalDetailsShouldBeSavedSuccessfullyInMyProfile() {
    // Write code here that turns the phrase above into concrete actions
    throw new io.cucumber.java.PendingException();
}

]]></error>
    <system-out><![CDATA[
@tag @tag2
Scenario: Update personal details in my profile                               # Features/Account Management (client).feature:15
  Given I am logged in as a Client
  When I update my personal details such as age and fitness goals
  Then my updated personal details should be saved successfully in my profile
]]></system-out>
  </testcase>
  <testcase name="Set dietary preferences in my profile" classname="Account Management" time="0.019">
    <error message="The step &apos;I am logged in as a Client&apos; and 2 other step(s) are undefined.&#10;You can implement these steps using the snippet(s) below:&#10;&#10;@Given(&quot;I am logged in as a Client&quot;)&#10;public void iAmLoggedInAsAClient() {&#10;    // Write code here that turns the phrase above into concrete actions&#10;    throw new io.cucumber.java.PendingException();&#10;}&#10;@When(&quot;I set my dietary preferences or restrictions \\(e.g., vegetarian, gluten-free)&quot;)&#10;public void iSetMyDietaryPreferencesOrRestrictionsEGVegetarianGlutenFree() {&#10;    // Write code here that turns the phrase above into concrete actions&#10;    throw new io.cucumber.java.PendingException();&#10;}&#10;@Then(&quot;my dietary preferences should be saved successfully in my profile&quot;)&#10;public void myDietaryPreferencesShouldBeSavedSuccessfullyInMyProfile() {&#10;    // Write code here that turns the phrase above into concrete actions&#10;    throw new io.cucumber.java.PendingException();&#10;}&#10;" type="io.cucumber.junit.UndefinedStepException"><![CDATA[io.cucumber.junit.UndefinedStepException: 
The step 'I am logged in as a Client' and 2 other step(s) are undefined.
You can implement these steps using the snippet(s) below:

@Given("I am logged in as a Client")
public void iAmLoggedInAsAClient() {
    // Write code here that turns the phrase above into concrete actions
    throw new io.cucumber.java.PendingException();
}
@When("I set my dietary preferences or restrictions \\(e.g., vegetarian, gluten-free)")
public void iSetMyDietaryPreferencesOrRestrictionsEGVegetarianGlutenFree() {
    // Write code here that turns the phrase above into concrete actions
    throw new io.cucumber.java.PendingException();
}
@Then("my dietary preferences should be saved successfully in my profile")
public void myDietaryPreferencesShouldBeSavedSuccessfullyInMyProfile() {
    // Write code here that turns the phrase above into concrete actions
    throw new io.cucumber.java.PendingException();
}

]]></error>
    <system-out><![CDATA[
@tag @tag3
Scenario: Set dietary preferences in my profile                                     # Features/Account Management (client).feature:23
  Given I am logged in as a Client
  When I set my dietary preferences or restrictions (e.g., vegetarian, gluten-free)
  Then my dietary preferences should be saved successfully in my profile
]]></system-out>
  </testcase>
  <testcase name="Edit dietary preferences or restrictions" classname="Account Management" time="0.022">
    <error message="The step &apos;I am logged in as a Client&apos; and 2 other step(s) are undefined.&#10;You can implement these steps using the snippet(s) below:&#10;&#10;@Given(&quot;I am logged in as a Client&quot;)&#10;public void iAmLoggedInAsAClient() {&#10;    // Write code here that turns the phrase above into concrete actions&#10;    throw new io.cucumber.java.PendingException();&#10;}&#10;@When(&quot;I edit my dietary preferences or restrictions \\(e.g., add lactose intolerance)&quot;)&#10;public void iEditMyDietaryPreferencesOrRestrictionsEGAddLactoseIntolerance() {&#10;    // Write code here that turns the phrase above into concrete actions&#10;    throw new io.cucumber.java.PendingException();&#10;}&#10;@Then(&quot;my edited dietary preferences should be updated successfully in my profile&quot;)&#10;public void myEditedDietaryPreferencesShouldBeUpdatedSuccessfullyInMyProfile() {&#10;    // Write code here that turns the phrase above into concrete actions&#10;    throw new io.cucumber.java.PendingException();&#10;}&#10;" type="io.cucumber.junit.UndefinedStepException"><![CDATA[io.cucumber.junit.UndefinedStepException: 
The step 'I am logged in as a Client' and 2 other step(s) are undefined.
You can implement these steps using the snippet(s) below:

@Given("I am logged in as a Client")
public void iAmLoggedInAsAClient() {
    // Write code here that turns the phrase above into concrete actions
    throw new io.cucumber.java.PendingException();
}
@When("I edit my dietary preferences or restrictions \\(e.g., add lactose intolerance)")
public void iEditMyDietaryPreferencesOrRestrictionsEGAddLactoseIntolerance() {
    // Write code here that turns the phrase above into concrete actions
    throw new io.cucumber.java.PendingException();
}
@Then("my edited dietary preferences should be updated successfully in my profile")
public void myEditedDietaryPreferencesShouldBeUpdatedSuccessfullyInMyProfile() {
    // Write code here that turns the phrase above into concrete actions
    throw new io.cucumber.java.PendingException();
}

]]></error>
    <system-out><![CDATA[
@tag @tag4
Scenario: Edit dietary preferences or restrictions                                   # Features/Account Management (client).feature:31
  Given I am logged in as a Client
  When I edit my dietary preferences or restrictions (e.g., add lactose intolerance)
  Then my edited dietary preferences should be updated successfully in my profile
]]></system-out>
  </testcase>
  <testcase name="View personal details and dietary preferences" classname="Account Management" time="0.017">
    <error message="The step &apos;I am logged in as a Client&apos; and 2 other step(s) are undefined.&#10;You can implement these steps using the snippet(s) below:&#10;&#10;@Given(&quot;I am logged in as a Client&quot;)&#10;public void iAmLoggedInAsAClient() {&#10;    // Write code here that turns the phrase above into concrete actions&#10;    throw new io.cucumber.java.PendingException();&#10;}&#10;@When(&quot;I view my profile&quot;)&#10;public void iViewMyProfile() {&#10;    // Write code here that turns the phrase above into concrete actions&#10;    throw new io.cucumber.java.PendingException();&#10;}&#10;@Then(&quot;I should be able to see my personal details, fitness goals, and dietary preferences&quot;)&#10;public void iShouldBeAbleToSeeMyPersonalDetailsFitnessGoalsAndDietaryPreferences() {&#10;    // Write code here that turns the phrase above into concrete actions&#10;    throw new io.cucumber.java.PendingException();&#10;}&#10;" type="io.cucumber.junit.UndefinedStepException"><![CDATA[io.cucumber.junit.UndefinedStepException: 
The step 'I am logged in as a Client' and 2 other step(s) are undefined.
You can implement these steps using the snippet(s) below:

@Given("I am logged in as a Client")
public void iAmLoggedInAsAClient() {
    // Write code here that turns the phrase above into concrete actions
    throw new io.cucumber.java.PendingException();
}
@When("I view my profile")
public void iViewMyProfile() {
    // Write code here that turns the phrase above into concrete actions
    throw new io.cucumber.java.PendingException();
}
@Then("I should be able to see my personal details, fitness goals, and dietary preferences")
public void iShouldBeAbleToSeeMyPersonalDetailsFitnessGoalsAndDietaryPreferences() {
    // Write code here that turns the phrase above into concrete actions
    throw new io.cucumber.java.PendingException();
}

]]></error>
    <system-out><![CDATA[
@tag @tag5
Scenario: View personal details and dietary preferences                                    # Features/Account Management (client).feature:39
  Given I am logged in as a Client
  When I view my profile
  Then I should be able to see my personal details, fitness goals, and dietary preferences
]]></system-out>
  </testcase>
  <testcase name="Attempt to create a profile with invalid details" classname="Account Management" time="0.023">
    <error message="The step &apos;I am logged in as a Client&apos; and 3 other step(s) are undefined.&#10;You can implement these steps using the snippet(s) below:&#10;&#10;@Given(&quot;I am logged in as a Client&quot;)&#10;public void iAmLoggedInAsAClient() {&#10;    // Write code here that turns the phrase above into concrete actions&#10;    throw new io.cucumber.java.PendingException();&#10;}&#10;@When(&quot;I attempt to create a profile with invalid details such as age = {string}&quot;)&#10;public void iAttemptToCreateAProfileWithInvalidDetailsSuchAsAge(String string) {&#10;    // Write code here that turns the phrase above into concrete actions&#10;    throw new io.cucumber.java.PendingException();&#10;}&#10;@Then(&quot;I should see an error message indicating invalid input&quot;)&#10;public void iShouldSeeAnErrorMessageIndicatingInvalidInput() {&#10;    // Write code here that turns the phrase above into concrete actions&#10;    throw new io.cucumber.java.PendingException();&#10;}&#10;@Then(&quot;my profile should not be saved&quot;)&#10;public void myProfileShouldNotBeSaved() {&#10;    // Write code here that turns the phrase above into concrete actions&#10;    throw new io.cucumber.java.PendingException();&#10;}&#10;" type="io.cucumber.junit.UndefinedStepException"><![CDATA[io.cucumber.junit.UndefinedStepException: 
The step 'I am logged in as a Client' and 3 other step(s) are undefined.
You can implement these steps using the snippet(s) below:

@Given("I am logged in as a Client")
public void iAmLoggedInAsAClient() {
    // Write code here that turns the phrase above into concrete actions
    throw new io.cucumber.java.PendingException();
}
@When("I attempt to create a profile with invalid details such as age = {string}")
public void iAttemptToCreateAProfileWithInvalidDetailsSuchAsAge(String string) {
    // Write code here that turns the phrase above into concrete actions
    throw new io.cucumber.java.PendingException();
}
@Then("I should see an error message indicating invalid input")
public void iShouldSeeAnErrorMessageIndicatingInvalidInput() {
    // Write code here that turns the phrase above into concrete actions
    throw new io.cucumber.java.PendingException();
}
@Then("my profile should not be saved")
public void myProfileShouldNotBeSaved() {
    // Write code here that turns the phrase above into concrete actions
    throw new io.cucumber.java.PendingException();
}

]]></error>
    <system-out><![CDATA[
@tag @tag6
Scenario: Attempt to create a profile with invalid details                    # Features/Account Management (client).feature:48
  Given I am logged in as a Client
  When I attempt to create a profile with invalid details such as age = "abc"
  Then I should see an error message indicating invalid input
  And my profile should not be saved
]]></system-out>
  </testcase>
  <testcase name="Attempt to create a profile with missing mandatory details" classname="Account Management" time="0.017">
    <error message="The step &apos;I am logged in as a Client&apos; and 3 other step(s) are undefined.&#10;You can implement these steps using the snippet(s) below:&#10;&#10;@Given(&quot;I am logged in as a Client&quot;)&#10;public void iAmLoggedInAsAClient() {&#10;    // Write code here that turns the phrase above into concrete actions&#10;    throw new io.cucumber.java.PendingException();&#10;}&#10;@When(&quot;I attempt to create a profile without providing my age&quot;)&#10;public void iAttemptToCreateAProfileWithoutProvidingMyAge() {&#10;    // Write code here that turns the phrase above into concrete actions&#10;    throw new io.cucumber.java.PendingException();&#10;}&#10;@Then(&quot;I should see an error message indicating that age is required&quot;)&#10;public void iShouldSeeAnErrorMessageIndicatingThatAgeIsRequired() {&#10;    // Write code here that turns the phrase above into concrete actions&#10;    throw new io.cucumber.java.PendingException();&#10;}&#10;@Then(&quot;my profile should not be saved&quot;)&#10;public void myProfileShouldNotBeSaved() {&#10;    // Write code here that turns the phrase above into concrete actions&#10;    throw new io.cucumber.java.PendingException();&#10;}&#10;" type="io.cucumber.junit.UndefinedStepException"><![CDATA[io.cucumber.junit.UndefinedStepException: 
The step 'I am logged in as a Client' and 3 other step(s) are undefined.
You can implement these steps using the snippet(s) below:

@Given("I am logged in as a Client")
public void iAmLoggedInAsAClient() {
    // Write code here that turns the phrase above into concrete actions
    throw new io.cucumber.java.PendingException();
}
@When("I attempt to create a profile without providing my age")
public void iAttemptToCreateAProfileWithoutProvidingMyAge() {
    // Write code here that turns the phrase above into concrete actions
    throw new io.cucumber.java.PendingException();
}
@Then("I should see an error message indicating that age is required")
public void iShouldSeeAnErrorMessageIndicatingThatAgeIsRequired() {
    // Write code here that turns the phrase above into concrete actions
    throw new io.cucumber.java.PendingException();
}
@Then("my profile should not be saved")
public void myProfileShouldNotBeSaved() {
    // Write code here that turns the phrase above into concrete actions
    throw new io.cucumber.java.PendingException();
}

]]></error>
    <system-out><![CDATA[
@tag @tag7
Scenario: Attempt to create a profile with missing mandatory details # Features/Account Management (client).feature:57
  Given I am logged in as a Client
  When I attempt to create a profile without providing my age
  Then I should see an error message indicating that age is required
  And my profile should not be saved
]]></system-out>
  </testcase>
  <testcase name="Delete my profile" classname="Account Management" time="0.02">
    <error message="The step &apos;I am logged in as a Client&apos; and 3 other step(s) are undefined.&#10;You can implement these steps using the snippet(s) below:&#10;&#10;@Given(&quot;I am logged in as a Client&quot;)&#10;public void iAmLoggedInAsAClient() {&#10;    // Write code here that turns the phrase above into concrete actions&#10;    throw new io.cucumber.java.PendingException();&#10;}&#10;@When(&quot;I choose to delete my profile&quot;)&#10;public void iChooseToDeleteMyProfile() {&#10;    // Write code here that turns the phrase above into concrete actions&#10;    throw new io.cucumber.java.PendingException();&#10;}&#10;@Then(&quot;my profile should be removed from the system&quot;)&#10;public void myProfileShouldBeRemovedFromTheSystem() {&#10;    // Write code here that turns the phrase above into concrete actions&#10;    throw new io.cucumber.java.PendingException();&#10;}&#10;@Then(&quot;I should no longer be able to access my account&quot;)&#10;public void iShouldNoLongerBeAbleToAccessMyAccount() {&#10;    // Write code here that turns the phrase above into concrete actions&#10;    throw new io.cucumber.java.PendingException();&#10;}&#10;" type="io.cucumber.junit.UndefinedStepException"><![CDATA[io.cucumber.junit.UndefinedStepException: 
The step 'I am logged in as a Client' and 3 other step(s) are undefined.
You can implement these steps using the snippet(s) below:

@Given("I am logged in as a Client")
public void iAmLoggedInAsAClient() {
    // Write code here that turns the phrase above into concrete actions
    throw new io.cucumber.java.PendingException();
}
@When("I choose to delete my profile")
public void iChooseToDeleteMyProfile() {
    // Write code here that turns the phrase above into concrete actions
    throw new io.cucumber.java.PendingException();
}
@Then("my profile should be removed from the system")
public void myProfileShouldBeRemovedFromTheSystem() {
    // Write code here that turns the phrase above into concrete actions
    throw new io.cucumber.java.PendingException();
}
@Then("I should no longer be able to access my account")
public void iShouldNoLongerBeAbleToAccessMyAccount() {
    // Write code here that turns the phrase above into concrete actions
    throw new io.cucumber.java.PendingException();
}

]]></error>
    <system-out><![CDATA[
@tag @tag8
Scenario: Delete my profile                           # Features/Account Management (client).feature:66
  Given I am logged in as a Client
  When I choose to delete my profile
  Then my profile should be removed from the system
  And I should no longer be able to access my account
]]></system-out>
  </testcase>
  <testcase name="Unauthorized access to another client&apos;s profile" classname="Account Management" time="0.017">
    <error message="The step &apos;I am logged in as a Client&apos; and 3 other step(s) are undefined.&#10;You can implement these steps using the snippet(s) below:&#10;&#10;@Given(&quot;I am logged in as a Client&quot;)&#10;public void iAmLoggedInAsAClient() {&#10;    // Write code here that turns the phrase above into concrete actions&#10;    throw new io.cucumber.java.PendingException();&#10;}&#10;@When(&quot;I attempt to access another client&apos;s profile&quot;)&#10;public void iAttemptToAccessAnotherClientSProfile() {&#10;    // Write code here that turns the phrase above into concrete actions&#10;    throw new io.cucumber.java.PendingException();&#10;}&#10;@Then(&quot;I should receive an error message indicating insufficient permissions&quot;)&#10;public void iShouldReceiveAnErrorMessageIndicatingInsufficientPermissions() {&#10;    // Write code here that turns the phrase above into concrete actions&#10;    throw new io.cucumber.java.PendingException();&#10;}&#10;@Then(&quot;I should not be able to view or edit their profile&quot;)&#10;public void iShouldNotBeAbleToViewOrEditTheirProfile() {&#10;    // Write code here that turns the phrase above into concrete actions&#10;    throw new io.cucumber.java.PendingException();&#10;}&#10;" type="io.cucumber.junit.UndefinedStepException"><![CDATA[io.cucumber.junit.UndefinedStepException: 
The step 'I am logged in as a Client' and 3 other step(s) are undefined.
You can implement these steps using the snippet(s) below:

@Given("I am logged in as a Client")
public void iAmLoggedInAsAClient() {
    // Write code here that turns the phrase above into concrete actions
    throw new io.cucumber.java.PendingException();
}
@When("I attempt to access another client's profile")
public void iAttemptToAccessAnotherClientSProfile() {
    // Write code here that turns the phrase above into concrete actions
    throw new io.cucumber.java.PendingException();
}
@Then("I should receive an error message indicating insufficient permissions")
public void iShouldReceiveAnErrorMessageIndicatingInsufficientPermissions() {
    // Write code here that turns the phrase above into concrete actions
    throw new io.cucumber.java.PendingException();
}
@Then("I should not be able to view or edit their profile")
public void iShouldNotBeAbleToViewOrEditTheirProfile() {
    // Write code here that turns the phrase above into concrete actions
    throw new io.cucumber.java.PendingException();
}

]]></error>
    <system-out><![CDATA[
@tag @tag9
Scenario: Unauthorized access to another client's profile                    # Features/Account Management (client).feature:75
  Given I am logged in as a Client
  When I attempt to access another client's profile
  Then I should receive an error message indicating insufficient permissions
  And I should not be able to view or edit their profile
]]></system-out>
  </testcase>
  <testcase name="Approve New Instructor" classname="Approve New Instructor Registrations" time="0.022">
    <error message="The step &apos;I am logged in as an admin&apos; and 5 other step(s) are undefined.&#10;You can implement these steps using the snippet(s) below:&#10;&#10;@Given(&quot;I am logged in as an admin&quot;)&#10;public void iAmLoggedInAsAnAdmin() {&#10;    // Write code here that turns the phrase above into concrete actions&#10;    throw new io.cucumber.java.PendingException();&#10;}&#10;@Given(&quot;there is a pending instructor registration&quot;)&#10;public void thereIsAPendingInstructorRegistration() {&#10;    // Write code here that turns the phrase above into concrete actions&#10;    throw new io.cucumber.java.PendingException();&#10;}&#10;@When(&quot;I review the registration details&quot;)&#10;public void iReviewTheRegistrationDetails() {&#10;    // Write code here that turns the phrase above into concrete actions&#10;    throw new io.cucumber.java.PendingException();&#10;}&#10;@When(&quot;I approve the new instructor registration&quot;)&#10;public void iApproveTheNewInstructorRegistration() {&#10;    // Write code here that turns the phrase above into concrete actions&#10;    throw new io.cucumber.java.PendingException();&#10;}&#10;@Then(&quot;the instructor should be added to the system as an active user&quot;)&#10;public void theInstructorShouldBeAddedToTheSystemAsAnActiveUser() {&#10;    // Write code here that turns the phrase above into concrete actions&#10;    throw new io.cucumber.java.PendingException();&#10;}&#10;@Then(&quot;I should see a success message confirming the approval&quot;)&#10;public void iShouldSeeASuccessMessageConfirmingTheApproval() {&#10;    // Write code here that turns the phrase above into concrete actions&#10;    throw new io.cucumber.java.PendingException();&#10;}&#10;" type="io.cucumber.junit.UndefinedStepException"><![CDATA[io.cucumber.junit.UndefinedStepException: 
The step 'I am logged in as an admin' and 5 other step(s) are undefined.
You can implement these steps using the snippet(s) below:

@Given("I am logged in as an admin")
public void iAmLoggedInAsAnAdmin() {
    // Write code here that turns the phrase above into concrete actions
    throw new io.cucumber.java.PendingException();
}
@Given("there is a pending instructor registration")
public void thereIsAPendingInstructorRegistration() {
    // Write code here that turns the phrase above into concrete actions
    throw new io.cucumber.java.PendingException();
}
@When("I review the registration details")
public void iReviewTheRegistrationDetails() {
    // Write code here that turns the phrase above into concrete actions
    throw new io.cucumber.java.PendingException();
}
@When("I approve the new instructor registration")
public void iApproveTheNewInstructorRegistration() {
    // Write code here that turns the phrase above into concrete actions
    throw new io.cucumber.java.PendingException();
}
@Then("the instructor should be added to the system as an active user")
public void theInstructorShouldBeAddedToTheSystemAsAnActiveUser() {
    // Write code here that turns the phrase above into concrete actions
    throw new io.cucumber.java.PendingException();
}
@Then("I should see a success message confirming the approval")
public void iShouldSeeASuccessMessageConfirmingTheApproval() {
    // Write code here that turns the phrase above into concrete actions
    throw new io.cucumber.java.PendingException();
}

]]></error>
    <system-out><![CDATA[
@tag @tag1
Scenario: Approve New Instructor                                      # Features/ApproveinstructorFeature.feature:7
  Given I am logged in as an admin
  And there is a pending instructor registration
  When I review the registration details
  And I approve the new instructor registration
  Then the instructor should be added to the system as an active user
  And I should see a success message confirming the approval
]]></system-out>
  </testcase>
  <testcase name="Reject New Instructor" classname="Approve New Instructor Registrations" time="0.03">
    <error message="The step &apos;I am logged in as an admin&apos; and 5 other step(s) are undefined.&#10;You can implement these steps using the snippet(s) below:&#10;&#10;@Given(&quot;I am logged in as an admin&quot;)&#10;public void iAmLoggedInAsAnAdmin() {&#10;    // Write code here that turns the phrase above into concrete actions&#10;    throw new io.cucumber.java.PendingException();&#10;}&#10;@Given(&quot;there is a pending instructor registration&quot;)&#10;public void thereIsAPendingInstructorRegistration() {&#10;    // Write code here that turns the phrase above into concrete actions&#10;    throw new io.cucumber.java.PendingException();&#10;}&#10;@When(&quot;I review the registration details&quot;)&#10;public void iReviewTheRegistrationDetails() {&#10;    // Write code here that turns the phrase above into concrete actions&#10;    throw new io.cucumber.java.PendingException();&#10;}&#10;@When(&quot;I reject the new instructor registration&quot;)&#10;public void iRejectTheNewInstructorRegistration() {&#10;    // Write code here that turns the phrase above into concrete actions&#10;    throw new io.cucumber.java.PendingException();&#10;}&#10;@Then(&quot;the instructor should not be added to the system&quot;)&#10;public void theInstructorShouldNotBeAddedToTheSystem() {&#10;    // Write code here that turns the phrase above into concrete actions&#10;    throw new io.cucumber.java.PendingException();&#10;}&#10;@Then(&quot;I should see a rejection message confirming the action&quot;)&#10;public void iShouldSeeARejectionMessageConfirmingTheAction() {&#10;    // Write code here that turns the phrase above into concrete actions&#10;    throw new io.cucumber.java.PendingException();&#10;}&#10;" type="io.cucumber.junit.UndefinedStepException"><![CDATA[io.cucumber.junit.UndefinedStepException: 
The step 'I am logged in as an admin' and 5 other step(s) are undefined.
You can implement these steps using the snippet(s) below:

@Given("I am logged in as an admin")
public void iAmLoggedInAsAnAdmin() {
    // Write code here that turns the phrase above into concrete actions
    throw new io.cucumber.java.PendingException();
}
@Given("there is a pending instructor registration")
public void thereIsAPendingInstructorRegistration() {
    // Write code here that turns the phrase above into concrete actions
    throw new io.cucumber.java.PendingException();
}
@When("I review the registration details")
public void iReviewTheRegistrationDetails() {
    // Write code here that turns the phrase above into concrete actions
    throw new io.cucumber.java.PendingException();
}
@When("I reject the new instructor registration")
public void iRejectTheNewInstructorRegistration() {
    // Write code here that turns the phrase above into concrete actions
    throw new io.cucumber.java.PendingException();
}
@Then("the instructor should not be added to the system")
public void theInstructorShouldNotBeAddedToTheSystem() {
    // Write code here that turns the phrase above into concrete actions
    throw new io.cucumber.java.PendingException();
}
@Then("I should see a rejection message confirming the action")
public void iShouldSeeARejectionMessageConfirmingTheAction() {
    // Write code here that turns the phrase above into concrete actions
    throw new io.cucumber.java.PendingException();
}

]]></error>
    <system-out><![CDATA[
@tag @tag2
Scenario: Reject New Instructor                              # Features/ApproveinstructorFeature.feature:18
  Given I am logged in as an admin
  And there is a pending instructor registration
  When I review the registration details
  And I reject the new instructor registration
  Then the instructor should not be added to the system
  And I should see a rejection message confirming the action
]]></system-out>
  </testcase>
  <testcase name="View Pending Instructor Registrations" classname="Approve New Instructor Registrations" time="0.024">
    <error message="The step &apos;I am logged in as an admin&apos; and 3 other step(s) are undefined.&#10;You can implement these steps using the snippet(s) below:&#10;&#10;@Given(&quot;I am logged in as an admin&quot;)&#10;public void iAmLoggedInAsAnAdmin() {&#10;    // Write code here that turns the phrase above into concrete actions&#10;    throw new io.cucumber.java.PendingException();&#10;}&#10;@When(&quot;I navigate to the {string} section&quot;)&#10;public void iNavigateToTheSection(String string) {&#10;    // Write code here that turns the phrase above into concrete actions&#10;    throw new io.cucumber.java.PendingException();&#10;}&#10;@Then(&quot;I should see a list of all pending instructor registrations&quot;)&#10;public void iShouldSeeAListOfAllPendingInstructorRegistrations() {&#10;    // Write code here that turns the phrase above into concrete actions&#10;    throw new io.cucumber.java.PendingException();&#10;}&#10;@Then(&quot;I should be able to review the details of each registration&quot;)&#10;public void iShouldBeAbleToReviewTheDetailsOfEachRegistration() {&#10;    // Write code here that turns the phrase above into concrete actions&#10;    throw new io.cucumber.java.PendingException();&#10;}&#10;" type="io.cucumber.junit.UndefinedStepException"><![CDATA[io.cucumber.junit.UndefinedStepException: 
The step 'I am logged in as an admin' and 3 other step(s) are undefined.
You can implement these steps using the snippet(s) below:

@Given("I am logged in as an admin")
public void iAmLoggedInAsAnAdmin() {
    // Write code here that turns the phrase above into concrete actions
    throw new io.cucumber.java.PendingException();
}
@When("I navigate to the {string} section")
public void iNavigateToTheSection(String string) {
    // Write code here that turns the phrase above into concrete actions
    throw new io.cucumber.java.PendingException();
}
@Then("I should see a list of all pending instructor registrations")
public void iShouldSeeAListOfAllPendingInstructorRegistrations() {
    // Write code here that turns the phrase above into concrete actions
    throw new io.cucumber.java.PendingException();
}
@Then("I should be able to review the details of each registration")
public void iShouldBeAbleToReviewTheDetailsOfEachRegistration() {
    // Write code here that turns the phrase above into concrete actions
    throw new io.cucumber.java.PendingException();
}

]]></error>
    <system-out><![CDATA[
@tag @tag3
Scenario: View Pending Instructor Registrations                    # Features/ApproveinstructorFeature.feature:29
  Given I am logged in as an admin
  When I navigate to the "Pending Registrations" section
  Then I should see a list of all pending instructor registrations
  And I should be able to review the details of each registration
]]></system-out>
  </testcase>
  <testcase name="Notify Instructor After Approval" classname="Approve New Instructor Registrations" time="0.019">
    <error message="The step &apos;I am logged in as an admin&apos; and 4 other step(s) are undefined.&#10;You can implement these steps using the snippet(s) below:&#10;&#10;@Given(&quot;I am logged in as an admin&quot;)&#10;public void iAmLoggedInAsAnAdmin() {&#10;    // Write code here that turns the phrase above into concrete actions&#10;    throw new io.cucumber.java.PendingException();&#10;}&#10;@Given(&quot;I approve a new instructor registration&quot;)&#10;public void iApproveANewInstructorRegistration() {&#10;    // Write code here that turns the phrase above into concrete actions&#10;    throw new io.cucumber.java.PendingException();&#10;}&#10;@When(&quot;the registration is approved&quot;)&#10;public void theRegistrationIsApproved() {&#10;    // Write code here that turns the phrase above into concrete actions&#10;    throw new io.cucumber.java.PendingException();&#10;}&#10;@Then(&quot;the instructor should receive a notification email confirming their approval&quot;)&#10;public void theInstructorShouldReceiveANotificationEmailConfirmingTheirApproval() {&#10;    // Write code here that turns the phrase above into concrete actions&#10;    throw new io.cucumber.java.PendingException();&#10;}&#10;@Then(&quot;I should see a message confirming the email has been sent&quot;)&#10;public void iShouldSeeAMessageConfirmingTheEmailHasBeenSent() {&#10;    // Write code here that turns the phrase above into concrete actions&#10;    throw new io.cucumber.java.PendingException();&#10;}&#10;" type="io.cucumber.junit.UndefinedStepException"><![CDATA[io.cucumber.junit.UndefinedStepException: 
The step 'I am logged in as an admin' and 4 other step(s) are undefined.
You can implement these steps using the snippet(s) below:

@Given("I am logged in as an admin")
public void iAmLoggedInAsAnAdmin() {
    // Write code here that turns the phrase above into concrete actions
    throw new io.cucumber.java.PendingException();
}
@Given("I approve a new instructor registration")
public void iApproveANewInstructorRegistration() {
    // Write code here that turns the phrase above into concrete actions
    throw new io.cucumber.java.PendingException();
}
@When("the registration is approved")
public void theRegistrationIsApproved() {
    // Write code here that turns the phrase above into concrete actions
    throw new io.cucumber.java.PendingException();
}
@Then("the instructor should receive a notification email confirming their approval")
public void theInstructorShouldReceiveANotificationEmailConfirmingTheirApproval() {
    // Write code here that turns the phrase above into concrete actions
    throw new io.cucumber.java.PendingException();
}
@Then("I should see a message confirming the email has been sent")
public void iShouldSeeAMessageConfirmingTheEmailHasBeenSent() {
    // Write code here that turns the phrase above into concrete actions
    throw new io.cucumber.java.PendingException();
}

]]></error>
    <system-out><![CDATA[
@tag @tag4
Scenario: Notify Instructor After Approval                                          # Features/ApproveinstructorFeature.feature:38
  Given I am logged in as an admin
  And I approve a new instructor registration
  When the registration is approved
  Then the instructor should receive a notification email confirming their approval
  And I should see a message confirming the email has been sent
]]></system-out>
  </testcase>
  <testcase name="Notify Instructor After Rejection" classname="Approve New Instructor Registrations" time="0.02">
    <error message="The step &apos;I am logged in as an admin&apos; and 4 other step(s) are undefined.&#10;You can implement these steps using the snippet(s) below:&#10;&#10;@Given(&quot;I am logged in as an admin&quot;)&#10;public void iAmLoggedInAsAnAdmin() {&#10;    // Write code here that turns the phrase above into concrete actions&#10;    throw new io.cucumber.java.PendingException();&#10;}&#10;@Given(&quot;I reject a new instructor registration&quot;)&#10;public void iRejectANewInstructorRegistration() {&#10;    // Write code here that turns the phrase above into concrete actions&#10;    throw new io.cucumber.java.PendingException();&#10;}&#10;@When(&quot;the registration is rejected&quot;)&#10;public void theRegistrationIsRejected() {&#10;    // Write code here that turns the phrase above into concrete actions&#10;    throw new io.cucumber.java.PendingException();&#10;}&#10;@Then(&quot;the instructor should receive a notification email about the rejection&quot;)&#10;public void theInstructorShouldReceiveANotificationEmailAboutTheRejection() {&#10;    // Write code here that turns the phrase above into concrete actions&#10;    throw new io.cucumber.java.PendingException();&#10;}&#10;@Then(&quot;I should see a message confirming the rejection email has been sent&quot;)&#10;public void iShouldSeeAMessageConfirmingTheRejectionEmailHasBeenSent() {&#10;    // Write code here that turns the phrase above into concrete actions&#10;    throw new io.cucumber.java.PendingException();&#10;}&#10;" type="io.cucumber.junit.UndefinedStepException"><![CDATA[io.cucumber.junit.UndefinedStepException: 
The step 'I am logged in as an admin' and 4 other step(s) are undefined.
You can implement these steps using the snippet(s) below:

@Given("I am logged in as an admin")
public void iAmLoggedInAsAnAdmin() {
    // Write code here that turns the phrase above into concrete actions
    throw new io.cucumber.java.PendingException();
}
@Given("I reject a new instructor registration")
public void iRejectANewInstructorRegistration() {
    // Write code here that turns the phrase above into concrete actions
    throw new io.cucumber.java.PendingException();
}
@When("the registration is rejected")
public void theRegistrationIsRejected() {
    // Write code here that turns the phrase above into concrete actions
    throw new io.cucumber.java.PendingException();
}
@Then("the instructor should receive a notification email about the rejection")
public void theInstructorShouldReceiveANotificationEmailAboutTheRejection() {
    // Write code here that turns the phrase above into concrete actions
    throw new io.cucumber.java.PendingException();
}
@Then("I should see a message confirming the rejection email has been sent")
public void iShouldSeeAMessageConfirmingTheRejectionEmailHasBeenSent() {
    // Write code here that turns the phrase above into concrete actions
    throw new io.cucumber.java.PendingException();
}

]]></error>
    <system-out><![CDATA[
@tag @tag5
Scenario: Notify Instructor After Rejection                                   # Features/ApproveinstructorFeature.feature:48
  Given I am logged in as an admin
  And I reject a new instructor registration
  When the registration is rejected
  Then the instructor should receive a notification email about the rejection
  And I should see a message confirming the rejection email has been sent
]]></system-out>
  </testcase>
  <testcase name="Approve a Submitted Fitness Tip" classname="Content Management" time="0.022">
    <error message="The step &apos;I am logged in as an admin&apos; and 2 other step(s) are undefined.&#10;You can implement these steps using the snippet(s) below:&#10;&#10;@Given(&quot;I am logged in as an admin&quot;)&#10;public void iAmLoggedInAsAnAdmin() {&#10;    // Write code here that turns the phrase above into concrete actions&#10;    throw new io.cucumber.java.PendingException();&#10;}&#10;@When(&quot;I approve a submitted fitness tip titled {string}&quot;)&#10;public void iApproveASubmittedFitnessTipTitled(String string) {&#10;    // Write code here that turns the phrase above into concrete actions&#10;    throw new io.cucumber.java.PendingException();&#10;}&#10;@Then(&quot;the tip {string} should be publicly visible on the platform&quot;)&#10;public void theTipShouldBePubliclyVisibleOnThePlatform(String string) {&#10;    // Write code here that turns the phrase above into concrete actions&#10;    throw new io.cucumber.java.PendingException();&#10;}&#10;" type="io.cucumber.junit.UndefinedStepException"><![CDATA[io.cucumber.junit.UndefinedStepException: 
The step 'I am logged in as an admin' and 2 other step(s) are undefined.
You can implement these steps using the snippet(s) below:

@Given("I am logged in as an admin")
public void iAmLoggedInAsAnAdmin() {
    // Write code here that turns the phrase above into concrete actions
    throw new io.cucumber.java.PendingException();
}
@When("I approve a submitted fitness tip titled {string}")
public void iApproveASubmittedFitnessTipTitled(String string) {
    // Write code here that turns the phrase above into concrete actions
    throw new io.cucumber.java.PendingException();
}
@Then("the tip {string} should be publicly visible on the platform")
public void theTipShouldBePubliclyVisibleOnThePlatform(String string) {
    // Write code here that turns the phrase above into concrete actions
    throw new io.cucumber.java.PendingException();
}

]]></error>
    <system-out><![CDATA[
Scenario: Approve a Submitted Fitness Tip                                               # Features/ContentManagement.feature:5
  Given I am logged in as an admin
  When I approve a submitted fitness tip titled "5-Minute Stretching Routine"
  Then the tip "5-Minute Stretching Routine" should be publicly visible on the platform
]]></system-out>
  </testcase>
  <testcase name="Reject a Submitted Fitness Tip" classname="Content Management" time="0.026">
    <error message="The step &apos;I am logged in as an admin&apos; and 3 other step(s) are undefined.&#10;You can implement these steps using the snippet(s) below:&#10;&#10;@Given(&quot;I am logged in as an admin&quot;)&#10;public void iAmLoggedInAsAnAdmin() {&#10;    // Write code here that turns the phrase above into concrete actions&#10;    throw new io.cucumber.java.PendingException();&#10;}&#10;@When(&quot;I reject a submitted fitness tip titled {string} with reason {string}&quot;)&#10;public void iRejectASubmittedFitnessTipTitledWithReason(String string, String string2) {&#10;    // Write code here that turns the phrase above into concrete actions&#10;    throw new io.cucumber.java.PendingException();&#10;}&#10;@Then(&quot;the submitter should receive a notification {string}&quot;)&#10;public void theSubmitterShouldReceiveANotification(String string) {&#10;    // Write code here that turns the phrase above into concrete actions&#10;    throw new io.cucumber.java.PendingException();&#10;}&#10;@Then(&quot;the tip {string} should not be publicly visible&quot;)&#10;public void theTipShouldNotBePubliclyVisible(String string) {&#10;    // Write code here that turns the phrase above into concrete actions&#10;    throw new io.cucumber.java.PendingException();&#10;}&#10;" type="io.cucumber.junit.UndefinedStepException"><![CDATA[io.cucumber.junit.UndefinedStepException: 
The step 'I am logged in as an admin' and 3 other step(s) are undefined.
You can implement these steps using the snippet(s) below:

@Given("I am logged in as an admin")
public void iAmLoggedInAsAnAdmin() {
    // Write code here that turns the phrase above into concrete actions
    throw new io.cucumber.java.PendingException();
}
@When("I reject a submitted fitness tip titled {string} with reason {string}")
public void iRejectASubmittedFitnessTipTitledWithReason(String string, String string2) {
    // Write code here that turns the phrase above into concrete actions
    throw new io.cucumber.java.PendingException();
}
@Then("the submitter should receive a notification {string}")
public void theSubmitterShouldReceiveANotification(String string) {
    // Write code here that turns the phrase above into concrete actions
    throw new io.cucumber.java.PendingException();
}
@Then("the tip {string} should not be publicly visible")
public void theTipShouldNotBePubliclyVisible(String string) {
    // Write code here that turns the phrase above into concrete actions
    throw new io.cucumber.java.PendingException();
}

]]></error>
    <system-out><![CDATA[
Scenario: Reject a Submitted Fitness Tip                                                                              # Features/ContentManagement.feature:10
  Given I am logged in as an admin
  When I reject a submitted fitness tip titled "5-Minute Stretching Routine" with reason "Lack of sufficient details"
  Then the submitter should receive a notification "Lack of sufficient details"
  And the tip "5-Minute Stretching Routine" should not be publicly visible
]]></system-out>
  </testcase>
  <testcase name="Delete a Publicly Visible Fitness Tip" classname="Content Management" time="0.016">
    <error message="The step &apos;I am logged in as an admin&apos; and 3 other step(s) are undefined.&#10;You can implement these steps using the snippet(s) below:&#10;&#10;@Given(&quot;I am logged in as an admin&quot;)&#10;public void iAmLoggedInAsAnAdmin() {&#10;    // Write code here that turns the phrase above into concrete actions&#10;    throw new io.cucumber.java.PendingException();&#10;}&#10;@Given(&quot;the fitness tip {string} is publicly visible&quot;)&#10;public void theFitnessTipIsPubliclyVisible(String string) {&#10;    // Write code here that turns the phrase above into concrete actions&#10;    throw new io.cucumber.java.PendingException();&#10;}&#10;@When(&quot;I delete the fitness tip {string}&quot;)&#10;public void iDeleteTheFitnessTip(String string) {&#10;    // Write code here that turns the phrase above into concrete actions&#10;    throw new io.cucumber.java.PendingException();&#10;}&#10;@Then(&quot;the tip {string} should no longer be visible on the platform&quot;)&#10;public void theTipShouldNoLongerBeVisibleOnThePlatform(String string) {&#10;    // Write code here that turns the phrase above into concrete actions&#10;    throw new io.cucumber.java.PendingException();&#10;}&#10;" type="io.cucumber.junit.UndefinedStepException"><![CDATA[io.cucumber.junit.UndefinedStepException: 
The step 'I am logged in as an admin' and 3 other step(s) are undefined.
You can implement these steps using the snippet(s) below:

@Given("I am logged in as an admin")
public void iAmLoggedInAsAnAdmin() {
    // Write code here that turns the phrase above into concrete actions
    throw new io.cucumber.java.PendingException();
}
@Given("the fitness tip {string} is publicly visible")
public void theFitnessTipIsPubliclyVisible(String string) {
    // Write code here that turns the phrase above into concrete actions
    throw new io.cucumber.java.PendingException();
}
@When("I delete the fitness tip {string}")
public void iDeleteTheFitnessTip(String string) {
    // Write code here that turns the phrase above into concrete actions
    throw new io.cucumber.java.PendingException();
}
@Then("the tip {string} should no longer be visible on the platform")
public void theTipShouldNoLongerBeVisibleOnThePlatform(String string) {
    // Write code here that turns the phrase above into concrete actions
    throw new io.cucumber.java.PendingException();
}

]]></error>
    <system-out><![CDATA[
Scenario: Delete a Publicly Visible Fitness Tip                                     # Features/ContentManagement.feature:16
  Given I am logged in as an admin
  And the fitness tip "Beginner Yoga Postures" is publicly visible
  When I delete the fitness tip "Beginner Yoga Postures"
  Then the tip "Beginner Yoga Postures" should no longer be visible on the platform
]]></system-out>
  </testcase>
  <testcase name="View Feedback for a Fitness Tip" classname="Content Management" time="0.018">
    <error message="The step &apos;I am logged in as an admin&apos; and 2 other step(s) are undefined.&#10;You can implement these steps using the snippet(s) below:&#10;&#10;@Given(&quot;I am logged in as an admin&quot;)&#10;public void iAmLoggedInAsAnAdmin() {&#10;    // Write code here that turns the phrase above into concrete actions&#10;    throw new io.cucumber.java.PendingException();&#10;}&#10;@When(&quot;I view feedback for the fitness tip titled {string}&quot;)&#10;public void iViewFeedbackForTheFitnessTipTitled(String string) {&#10;    // Write code here that turns the phrase above into concrete actions&#10;    throw new io.cucumber.java.PendingException();&#10;}&#10;@Then(&quot;I should see all user comments and ratings for {string}&quot;)&#10;public void iShouldSeeAllUserCommentsAndRatingsFor(String string) {&#10;    // Write code here that turns the phrase above into concrete actions&#10;    throw new io.cucumber.java.PendingException();&#10;}&#10;" type="io.cucumber.junit.UndefinedStepException"><![CDATA[io.cucumber.junit.UndefinedStepException: 
The step 'I am logged in as an admin' and 2 other step(s) are undefined.
You can implement these steps using the snippet(s) below:

@Given("I am logged in as an admin")
public void iAmLoggedInAsAnAdmin() {
    // Write code here that turns the phrase above into concrete actions
    throw new io.cucumber.java.PendingException();
}
@When("I view feedback for the fitness tip titled {string}")
public void iViewFeedbackForTheFitnessTipTitled(String string) {
    // Write code here that turns the phrase above into concrete actions
    throw new io.cucumber.java.PendingException();
}
@Then("I should see all user comments and ratings for {string}")
public void iShouldSeeAllUserCommentsAndRatingsFor(String string) {
    // Write code here that turns the phrase above into concrete actions
    throw new io.cucumber.java.PendingException();
}

]]></error>
    <system-out><![CDATA[
Scenario: View Feedback for a Fitness Tip                                 # Features/ContentManagement.feature:22
  Given I am logged in as an admin
  When I view feedback for the fitness tip titled "Home Workout Plan"
  Then I should see all user comments and ratings for "Home Workout Plan"
]]></system-out>
  </testcase>
  <testcase name="Remove Inappropriate Feedback" classname="Content Management" time="0.016">
    <error message="The step &apos;I am logged in as an admin&apos; and 3 other step(s) are undefined.&#10;You can implement these steps using the snippet(s) below:&#10;&#10;@Given(&quot;I am logged in as an admin&quot;)&#10;public void iAmLoggedInAsAnAdmin() {&#10;    // Write code here that turns the phrase above into concrete actions&#10;    throw new io.cucumber.java.PendingException();&#10;}&#10;@Given(&quot;there is a feedback comment {string} on the fitness tip titled {string}&quot;)&#10;public void thereIsAFeedbackCommentOnTheFitnessTipTitled(String string, String string2) {&#10;    // Write code here that turns the phrase above into concrete actions&#10;    throw new io.cucumber.java.PendingException();&#10;}&#10;@When(&quot;I remove the inappropriate feedback on {string}&quot;)&#10;public void iRemoveTheInappropriateFeedbackOn(String string) {&#10;    // Write code here that turns the phrase above into concrete actions&#10;    throw new io.cucumber.java.PendingException();&#10;}&#10;@Then(&quot;the feedback should no longer be visible under the {string} tip&quot;)&#10;public void theFeedbackShouldNoLongerBeVisibleUnderTheTip(String string) {&#10;    // Write code here that turns the phrase above into concrete actions&#10;    throw new io.cucumber.java.PendingException();&#10;}&#10;" type="io.cucumber.junit.UndefinedStepException"><![CDATA[io.cucumber.junit.UndefinedStepException: 
The step 'I am logged in as an admin' and 3 other step(s) are undefined.
You can implement these steps using the snippet(s) below:

@Given("I am logged in as an admin")
public void iAmLoggedInAsAnAdmin() {
    // Write code here that turns the phrase above into concrete actions
    throw new io.cucumber.java.PendingException();
}
@Given("there is a feedback comment {string} on the fitness tip titled {string}")
public void thereIsAFeedbackCommentOnTheFitnessTipTitled(String string, String string2) {
    // Write code here that turns the phrase above into concrete actions
    throw new io.cucumber.java.PendingException();
}
@When("I remove the inappropriate feedback on {string}")
public void iRemoveTheInappropriateFeedbackOn(String string) {
    // Write code here that turns the phrase above into concrete actions
    throw new io.cucumber.java.PendingException();
}
@Then("the feedback should no longer be visible under the {string} tip")
public void theFeedbackShouldNoLongerBeVisibleUnderTheTip(String string) {
    // Write code here that turns the phrase above into concrete actions
    throw new io.cucumber.java.PendingException();
}

]]></error>
    <system-out><![CDATA[
Scenario: Remove Inappropriate Feedback                                                                        # Features/ContentManagement.feature:27
  Given I am logged in as an admin
  And there is a feedback comment "Inappropriate language" on the fitness tip titled "Healthy Morning Routine"
  When I remove the inappropriate feedback on "Healthy Morning Routine"
  Then the feedback should no longer be visible under the "Healthy Morning Routine" tip
]]></system-out>
  </testcase>
  <testcase name="Respond to a Feedback Question" classname="Content Management" time="0.018">
    <error message="The step &apos;I am logged in as an admin&apos; and 3 other step(s) are undefined.&#10;You can implement these steps using the snippet(s) below:&#10;&#10;@Given(&quot;I am logged in as an admin&quot;)&#10;public void iAmLoggedInAsAnAdmin() {&#10;    // Write code here that turns the phrase above into concrete actions&#10;    throw new io.cucumber.java.PendingException();&#10;}&#10;@Given(&quot;there is a feedback question {string} on the fitness tip {string}&quot;)&#10;public void thereIsAFeedbackQuestionOnTheFitnessTip(String string, String string2) {&#10;    // Write code here that turns the phrase above into concrete actions&#10;    throw new io.cucumber.java.PendingException();&#10;}&#10;@When(&quot;I respond to the feedback with {string}&quot;)&#10;public void iRespondToTheFeedbackWith(String string) {&#10;    // Write code here that turns the phrase above into concrete actions&#10;    throw new io.cucumber.java.PendingException();&#10;}&#10;@Then(&quot;my response should be visible under the feedback question&quot;)&#10;public void myResponseShouldBeVisibleUnderTheFeedbackQuestion() {&#10;    // Write code here that turns the phrase above into concrete actions&#10;    throw new io.cucumber.java.PendingException();&#10;}&#10;" type="io.cucumber.junit.UndefinedStepException"><![CDATA[io.cucumber.junit.UndefinedStepException: 
The step 'I am logged in as an admin' and 3 other step(s) are undefined.
You can implement these steps using the snippet(s) below:

@Given("I am logged in as an admin")
public void iAmLoggedInAsAnAdmin() {
    // Write code here that turns the phrase above into concrete actions
    throw new io.cucumber.java.PendingException();
}
@Given("there is a feedback question {string} on the fitness tip {string}")
public void thereIsAFeedbackQuestionOnTheFitnessTip(String string, String string2) {
    // Write code here that turns the phrase above into concrete actions
    throw new io.cucumber.java.PendingException();
}
@When("I respond to the feedback with {string}")
public void iRespondToTheFeedbackWith(String string) {
    // Write code here that turns the phrase above into concrete actions
    throw new io.cucumber.java.PendingException();
}
@Then("my response should be visible under the feedback question")
public void myResponseShouldBeVisibleUnderTheFeedbackQuestion() {
    // Write code here that turns the phrase above into concrete actions
    throw new io.cucumber.java.PendingException();
}

]]></error>
    <system-out><![CDATA[
Scenario: Respond to a Feedback Question                                                                                    # Features/ContentManagement.feature:33
  Given I am logged in as an admin
  And there is a feedback question "Can I do this routine with back pain?" on the fitness tip "5-Minute Stretching Routine"
  When I respond to the feedback with "Please consult a physician before attempting."
  Then my response should be visible under the feedback question
]]></system-out>
  </testcase>
  <testcase name="Rate a completed program" classname="Feedback and Reviews" time="0.031">
    <error message="The step &apos;I have completed a program&apos; and 3 other step(s) are undefined.&#10;You can implement these steps using the snippet(s) below:&#10;&#10;@Given(&quot;I have completed a program&quot;)&#10;public void iHaveCompletedAProgram() {&#10;    // Write code here that turns the phrase above into concrete actions&#10;    throw new io.cucumber.java.PendingException();&#10;}&#10;@When(&quot;I rate the program with a score of {int} stars&quot;)&#10;public void iRateTheProgramWithAScoreOfStars(Integer int1) {&#10;    // Write code here that turns the phrase above into concrete actions&#10;    throw new io.cucumber.java.PendingException();&#10;}&#10;@Then(&quot;the rating should be saved successfully&quot;)&#10;public void theRatingShouldBeSavedSuccessfully() {&#10;    // Write code here that turns the phrase above into concrete actions&#10;    throw new io.cucumber.java.PendingException();&#10;}&#10;@Then(&quot;I should be able to view my rating on the program page&quot;)&#10;public void iShouldBeAbleToViewMyRatingOnTheProgramPage() {&#10;    // Write code here that turns the phrase above into concrete actions&#10;    throw new io.cucumber.java.PendingException();&#10;}&#10;" type="io.cucumber.junit.UndefinedStepException"><![CDATA[io.cucumber.junit.UndefinedStepException: 
The step 'I have completed a program' and 3 other step(s) are undefined.
You can implement these steps using the snippet(s) below:

@Given("I have completed a program")
public void iHaveCompletedAProgram() {
    // Write code here that turns the phrase above into concrete actions
    throw new io.cucumber.java.PendingException();
}
@When("I rate the program with a score of {int} stars")
public void iRateTheProgramWithAScoreOfStars(Integer int1) {
    // Write code here that turns the phrase above into concrete actions
    throw new io.cucumber.java.PendingException();
}
@Then("the rating should be saved successfully")
public void theRatingShouldBeSavedSuccessfully() {
    // Write code here that turns the phrase above into concrete actions
    throw new io.cucumber.java.PendingException();
}
@Then("I should be able to view my rating on the program page")
public void iShouldBeAbleToViewMyRatingOnTheProgramPage() {
    // Write code here that turns the phrase above into concrete actions
    throw new io.cucumber.java.PendingException();
}

]]></error>
    <system-out><![CDATA[
@tag @tag1
Scenario: Rate a completed program                           # Features/FeedbackandReviews(client).feature:7
  Given I have completed a program
  When I rate the program with a score of 5 stars
  Then the rating should be saved successfully
  And I should be able to view my rating on the program page
]]></system-out>
  </testcase>
  <testcase name="Write a review for a completed program" classname="Feedback and Reviews" time="0.015">
    <error message="The step &apos;I have completed a program&apos; and 3 other step(s) are undefined.&#10;You can implement these steps using the snippet(s) below:&#10;&#10;@Given(&quot;I have completed a program&quot;)&#10;public void iHaveCompletedAProgram() {&#10;    // Write code here that turns the phrase above into concrete actions&#10;    throw new io.cucumber.java.PendingException();&#10;}&#10;@When(&quot;I write a review with the content {string}&quot;)&#10;public void iWriteAReviewWithTheContent(String string) {&#10;    // Write code here that turns the phrase above into concrete actions&#10;    throw new io.cucumber.java.PendingException();&#10;}&#10;@Then(&quot;the review should be saved successfully&quot;)&#10;public void theReviewShouldBeSavedSuccessfully() {&#10;    // Write code here that turns the phrase above into concrete actions&#10;    throw new io.cucumber.java.PendingException();&#10;}&#10;@Then(&quot;I should be able to view my review on the program page&quot;)&#10;public void iShouldBeAbleToViewMyReviewOnTheProgramPage() {&#10;    // Write code here that turns the phrase above into concrete actions&#10;    throw new io.cucumber.java.PendingException();&#10;}&#10;" type="io.cucumber.junit.UndefinedStepException"><![CDATA[io.cucumber.junit.UndefinedStepException: 
The step 'I have completed a program' and 3 other step(s) are undefined.
You can implement these steps using the snippet(s) below:

@Given("I have completed a program")
public void iHaveCompletedAProgram() {
    // Write code here that turns the phrase above into concrete actions
    throw new io.cucumber.java.PendingException();
}
@When("I write a review with the content {string}")
public void iWriteAReviewWithTheContent(String string) {
    // Write code here that turns the phrase above into concrete actions
    throw new io.cucumber.java.PendingException();
}
@Then("the review should be saved successfully")
public void theReviewShouldBeSavedSuccessfully() {
    // Write code here that turns the phrase above into concrete actions
    throw new io.cucumber.java.PendingException();
}
@Then("I should be able to view my review on the program page")
public void iShouldBeAbleToViewMyReviewOnTheProgramPage() {
    // Write code here that turns the phrase above into concrete actions
    throw new io.cucumber.java.PendingException();
}

]]></error>
    <system-out><![CDATA[
@tag @tag2
Scenario: Write a review for a completed program                                # Features/FeedbackandReviews(client).feature:16
  Given I have completed a program
  When I write a review with the content "Great program, helped me lose weight"
  Then the review should be saved successfully
  And I should be able to view my review on the program page
]]></system-out>
  </testcase>
  <testcase name="Submit a suggestion for improvement to an instructor" classname="Feedback and Reviews" time="0.015">
[...]
  Then I should see programs categorized by status
    | Program Name     | Status    |
    | Yoga Basics      | Active    |
    | Advanced Fitness | Completed |
    | Healthy Cooking  | Active    |
]]></system-out>
  </testcase>
  <testcase name="Export program performance reports" classname="Program Monitoring" time="0.015">
    <error message="The step &apos;I am logged in as an admin&apos; and 5 other step(s) are undefined.&#10;You can implement these steps using the snippet(s) below:&#10;&#10;@Given(&quot;I am logged in as an admin&quot;)&#10;public void iAmLoggedInAsAnAdmin() {&#10;    // Write code here that turns the phrase above into concrete actions&#10;    throw new io.cucumber.java.PendingException();&#10;}&#10;@Given(&quot;I am on the {string}&quot;)&#10;public void iAmOnThe(String string) {&#10;    // Write code here that turns the phrase above into concrete actions&#10;    throw new io.cucumber.java.PendingException();&#10;}&#10;@When(&quot;I click {string}&quot;)&#10;public void iClick(String string) {&#10;    // Write code here that turns the phrase above into concrete actions&#10;    throw new io.cucumber.java.PendingException();&#10;}&#10;@When(&quot;I select the report type as {string}&quot;)&#10;public void iSelectTheReportTypeAs(String string) {&#10;    // Write code here that turns the phrase above into concrete actions&#10;    throw new io.cucumber.java.PendingException();&#10;}&#10;@Then(&quot;a downloadable revenue report should be generated&quot;)&#10;public void aDownloadableRevenueReportShouldBeGenerated() {&#10;    // Write code here that turns the phrase above into concrete actions&#10;    throw new io.cucumber.java.PendingException();&#10;}&#10;@Then(&quot;the file name should include the current date in the format {string}&quot;)&#10;public void theFileNameShouldIncludeTheCurrentDateInTheFormat(String string) {&#10;    // Write code here that turns the phrase above into concrete actions&#10;    throw new io.cucumber.java.PendingException();&#10;}&#10;" type="io.cucumber.junit.UndefinedStepException"><![CDATA[io.cucumber.junit.UndefinedStepException: 
The step 'I am logged in as an admin' and 5 other step(s) are undefined.
You can implement these steps using the snippet(s) below:

@Given("I am logged in as an admin")
public void iAmLoggedInAsAnAdmin() {
    // Write code here that turns the phrase above into concrete actions
    throw new io.cucumber.java.PendingException();
}
@Given("I am on the {string}")
public void iAmOnThe(String string) {
    // Write code here that turns the phrase above into concrete actions
    throw new io.cucumber.java.PendingException();
}
@When("I click {string}")
public void iClick(String string) {
    // Write code here that turns the phrase above into concrete actions
    throw new io.cucumber.java.PendingException();
}
@When("I select the report type as {string}")
public void iSelectTheReportTypeAs(String string) {
    // Write code here that turns the phrase above into concrete actions
    throw new io.cucumber.java.PendingException();
}
@Then("a downloadable revenue report should be generated")
public void aDownloadableRevenueReportShouldBeGenerated() {
    // Write code here that turns the phrase above into concrete actions
    throw new io.cucumber.java.PendingException();
}
@Then("the file name should include the current date in the format {string}")
public void theFileNameShouldIncludeTheCurrentDateInTheFormat(String string) {
    // Write code here that turns the phrase above into concrete actions
    throw new io.cucumber.java.PendingException();
}

]]></error>
    <system-out><![CDATA[
Scenario: Export program performance reports                                                        # Features/programMonoter.feature:49
  Given I am logged in as an admin
  Given I am on the "Program Monitoring Dashboard"
  When I click "Export Report"
  And I select the report type as "Revenue"
  Then a downloadable revenue report should be generated
  And the file name should include the current date in the format "Revenue_Report_<yyyy-MM-dd>.csv"
]]></system-out>
  </testcase>
  <testcase name="Register customer successful" classname="Sign-up" time="0.018">
    <system-out><![CDATA[
@tag @tag1
Scenario: Register customer successful                                                                                        # Features/signupFeature.feature:6
  Given there is a customer with customer ID "id" ,NAME "customer name" , PASSWORD "pass " , phone "phone", address "address" # fitnessAcceptanceTest.SignupTest.thereIsACustomerWithCustomerIDNAMEPASSWORDPhoneAddress(java.lang.String,java.lang.String,java.lang.String,java.lang.String,java.lang.String)
You should login first
  When the customer is registered "customer name"                                                                             # fitnessAcceptanceTest.SignupTest.theCustomerIsRegistered(java.lang.String)
]]></system-out>
  </testcase>
  <testcase name="a customer that is already registered" classname="Sign-up" time="0.009">
    <system-out><![CDATA[
@tag @tag2
Scenario: a customer that is already registered                                                                               # Features/signupFeature.feature:12
  Given there is a customer with customer ID "id" ,NAME "customer name" , PASSWORD "pass " , phone "phone", address "address" # fitnessAcceptanceTest.SignupTest.thereIsACustomerWithCustomerIDNAMEPASSWORDPhoneAddress(java.lang.String,java.lang.String,java.lang.String,java.lang.String,java.lang.String)
You should login first
  When the customer is registered "customer name"                                                                             # fitnessAcceptanceTest.SignupTest.theCustomerIsRegistered(java.lang.String)
]]></system-out>
  </testcase>
  <testcase name="Add New User" classname="User Management" time="0.012">
    <error message="The step &apos;I am logged in as an admin&apos; and 3 other step(s) are undefined.&#10;You can implement these steps using the snippet(s) below:&#10;&#10;@Given(&quot;I am logged in as an admin&quot;)&#10;public void iAmLoggedInAsAnAdmin() {&#10;    // Write code here that turns the phrase above into concrete actions&#10;    throw new io.cucumber.java.PendingException();&#10;}&#10;@When(&quot;I add a new user with valid details&quot;)&#10;public void iAddANewUserWithValidDetails() {&#10;    // Write code here that turns the phrase above into concrete actions&#10;    throw new io.cucumber.java.PendingException();&#10;}&#10;@Then(&quot;the new user should be created successfully&quot;)&#10;public void theNewUserShouldBeCreatedSuccessfully() {&#10;    // Write code here that turns the phrase above into concrete actions&#10;    throw new io.cucumber.java.PendingException();&#10;}&#10;@Then(&quot;I should see a success message confirming the addition&quot;)&#10;public void iShouldSeeASuccessMessageConfirmingTheAddition() {&#10;    // Write code here that turns the phrase above into concrete actions&#10;    throw new io.cucumber.java.PendingException();&#10;}&#10;" type="io.cucumber.junit.UndefinedStepException"><![CDATA[io.cucumber.junit.UndefinedStepException: 
The step 'I am logged in as an admin' and 3 other step(s) are undefined.
You can implement these steps using the snippet(s) below:

@Given("I am logged in as an admin")
public void iAmLoggedInAsAnAdmin() {
    // Write code here that turns the phrase above into concrete actions
    throw new io.cucumber.java.PendingException();
}
@When("I add a new user with valid details")
public void iAddANewUserWithValidDetails() {
    // Write code here that turns the phrase above into concrete actions
    throw new io.cucumber.java.PendingException();
}
@Then("the new user should be created successfully")
public void theNewUserShouldBeCreatedSuccessfully() {
    // Write code here that turns the phrase above into concrete actions
    throw new io.cucumber.java.PendingException();
}
@Then("I should see a success message confirming the addition")
public void iShouldSeeASuccessMessageConfirmingTheAddition() {
    // Write code here that turns the phrase above into concrete actions
    throw new io.cucumber.java.PendingException();
}

]]></error>
    <system-out><![CDATA[
@tag @tag1
Scenario: Add New User                                       # Features/userMangmentFeature.feature:7
  Given I am logged in as an admin
  When I add a new user with valid details
  Then the new user should be created successfully
  And I should see a success message confirming the addition
]]></system-out>
  </testcase>
  <testcase name="Update User Details" classname="User Management" time="0.009">
    <error message="The step &apos;I am logged in as an admin&apos; and 3 other step(s) are undefined.&#10;You can implement these steps using the snippet(s) below:&#10;&#10;@Given(&quot;I am logged in as an admin&quot;)&#10;public void iAmLoggedInAsAnAdmin() {&#10;    // Write code here that turns the phrase above into concrete actions&#10;    throw new io.cucumber.java.PendingException();&#10;}&#10;@When(&quot;I update the user details with new information&quot;)&#10;public void iUpdateTheUserDetailsWithNewInformation() {&#10;    // Write code here that turns the phrase above into concrete actions&#10;    throw new io.cucumber.java.PendingException();&#10;}&#10;@Then(&quot;the updated user details should be saved&quot;)&#10;public void theUpdatedUserDetailsShouldBeSaved() {&#10;    // Write code here that turns the phrase above into concrete actions&#10;    throw new io.cucumber.java.PendingException();&#10;}&#10;@Then(&quot;I should see a confirmation message with the updated information&quot;)&#10;public void iShouldSeeAConfirmationMessageWithTheUpdatedInformation() {&#10;    // Write code here that turns the phrase above into concrete actions&#10;    throw new io.cucumber.java.PendingException();&#10;}&#10;" type="io.cucumber.junit.UndefinedStepException"><![CDATA[io.cucumber.junit.UndefinedStepException: 
The step 'I am logged in as an admin' and 3 other step(s) are undefined.
You can implement these steps using the snippet(s) below:

@Given("I am logged in as an admin")
public void iAmLoggedInAsAnAdmin() {
    // Write code here that turns the phrase above into concrete actions
    throw new io.cucumber.java.PendingException();
}
@When("I update the user details with new information")
public void iUpdateTheUserDetailsWithNewInformation() {
    // Write code here that turns the phrase above into concrete actions
    throw new io.cucumber.java.PendingException();
}
@Then("the updated user details should be saved")
public void theUpdatedUserDetailsShouldBeSaved() {
    // Write code here that turns the phrase above into concrete actions
    throw new io.cucumber.java.PendingException();
}
@Then("I should see a confirmation message with the updated information")
public void iShouldSeeAConfirmationMessageWithTheUpdatedInformation() {
    // Write code here that turns the phrase above into concrete actions
    throw new io.cucumber.java.PendingException();
}

]]></error>
    <system-out><![CDATA[
@tag @tag2
Scenario: Update User Details                                          # Features/userMangmentFeature.feature:16
  Given I am logged in as an admin
  When I update the user details with new information
  Then the updated user details should be saved
  And I should see a confirmation message with the updated information
]]></system-out>
  </testcase>
  <testcase name="Deactivate User Account" classname="User Management" time="0.009">
    <error message="The step &apos;I am logged in as an admin&apos; and 3 other step(s) are undefined.&#10;You can implement these steps using the snippet(s) below:&#10;&#10;@Given(&quot;I am logged in as an admin&quot;)&#10;public void iAmLoggedInAsAnAdmin() {&#10;    // Write code here that turns the phrase above into concrete actions&#10;    throw new io.cucumber.java.PendingException();&#10;}&#10;@When(&quot;I deactivate a user account&quot;)&#10;public void iDeactivateAUserAccount() {&#10;    // Write code here that turns the phrase above into concrete actions&#10;    throw new io.cucumber.java.PendingException();&#10;}&#10;@Then(&quot;the user should be deactivated&quot;)&#10;public void theUserShouldBeDeactivated() {&#10;    // Write code here that turns the phrase above into concrete actions&#10;    throw new io.cucumber.java.PendingException();&#10;}&#10;@Then(&quot;I should see a success message confirming the deactivation&quot;)&#10;public void iShouldSeeASuccessMessageConfirmingTheDeactivation() {&#10;    // Write code here that turns the phrase above into concrete actions&#10;    throw new io.cucumber.java.PendingException();&#10;}&#10;" type="io.cucumber.junit.UndefinedStepException"><![CDATA[io.cucumber.junit.UndefinedStepException: 
The step 'I am logged in as an admin' and 3 other step(s) are undefined.
You can implement these steps using the snippet(s) below:

@Given("I am logged in as an admin")
public void iAmLoggedInAsAnAdmin() {
    // Write code here that turns the phrase above into concrete actions
    throw new io.cucumber.java.PendingException();
}
@When("I deactivate a user account")
public void iDeactivateAUserAccount() {
    // Write code here that turns the phrase above into concrete actions
    throw new io.cucumber.java.PendingException();
}
@Then("the user should be deactivated")
public void theUserShouldBeDeactivated() {
    // Write code here that turns the phrase above into concrete actions
    throw new io.cucumber.java.PendingException();
}
@Then("I should see a success message confirming the deactivation")
public void iShouldSeeASuccessMessageConfirmingTheDeactivation() {
    // Write code here that turns the phrase above into concrete actions
    throw new io.cucumber.java.PendingException();
}

]]></error>
    <system-out><![CDATA[
@tag @tag3
Scenario: Deactivate User Account                                # Features/userMangmentFeature.feature:25
  Given I am logged in as an admin
  When I deactivate a user account
  Then the user should be deactivated
  And I should see a success message confirming the deactivation
]]></system-out>
  </testcase>
  <testcase name="User Already Exists" classname="User Management" time="0.008">
    <error message="The step &apos;I am logged in as an admin&apos; and 3 other step(s) are undefined.&#10;You can implement these steps using the snippet(s) below:&#10;&#10;@Given(&quot;I am logged in as an admin&quot;)&#10;public void iAmLoggedInAsAnAdmin() {&#10;    // Write code here that turns the phrase above into concrete actions&#10;    throw new io.cucumber.java.PendingException();&#10;}&#10;@When(&quot;I try to add a new user with an existing email&quot;)&#10;public void iTryToAddANewUserWithAnExistingEmail() {&#10;    // Write code here that turns the phrase above into concrete actions&#10;    throw new io.cucumber.java.PendingException();&#10;}&#10;@Then(&quot;I should be notified that the email is already registered&quot;)&#10;public void iShouldBeNotifiedThatTheEmailIsAlreadyRegistered() {&#10;    // Write code here that turns the phrase above into concrete actions&#10;    throw new io.cucumber.java.PendingException();&#10;}&#10;@Then(&quot;I should be asked to choose a different email address&quot;)&#10;public void iShouldBeAskedToChooseADifferentEmailAddress() {&#10;    // Write code here that turns the phrase above into concrete actions&#10;    throw new io.cucumber.java.PendingException();&#10;}&#10;" type="io.cucumber.junit.UndefinedStepException"><![CDATA[io.cucumber.junit.UndefinedStepException: 
The step 'I am logged in as an admin' and 3 other step(s) are undefined.
You can implement these steps using the snippet(s) below:

@Given("I am logged in as an admin")
public void iAmLoggedInAsAnAdmin() {
    // Write code here that turns the phrase above into concrete actions
    throw new io.cucumber.java.PendingException();
}
@When("I try to add a new user with an existing email")
public void iTryToAddANewUserWithAnExistingEmail() {
    // Write code here that turns the phrase above into concrete actions
    throw new io.cucumber.java.PendingException();
}
@Then("I should be notified that the email is already registered")
public void iShouldBeNotifiedThatTheEmailIsAlreadyRegistered() {
    // Write code here that turns the phrase above into concrete actions
    throw new io.cucumber.java.PendingException();
}
@Then("I should be asked to choose a different email address")
public void iShouldBeAskedToChooseADifferentEmailAddress() {
    // Write code here that turns the phrase above into concrete actions
    throw new io.cucumber.java.PendingException();
}

]]></error>
    <system-out><![CDATA[
@tag @tag4
Scenario: User Already Exists                                    # Features/userMangmentFeature.feature:34
  Given I am logged in as an admin
  When I try to add a new user with an existing email
  Then I should be notified that the email is already registered
  And I should be asked to choose a different email address
]]></system-out>
  </testcase>
  <testcase name="Invalid Email Format" classname="User Management" time="0.01">
    <error message="The step &apos;I am logged in as an admin&apos; and 3 other step(s) are undefined.&#10;You can implement these steps using the snippet(s) below:&#10;&#10;@Given(&quot;I am logged in as an admin&quot;)&#10;public void iAmLoggedInAsAnAdmin() {&#10;    // Write code here that turns the phrase above into concrete actions&#10;    throw new io.cucumber.java.PendingException();&#10;}&#10;@When(&quot;I try to add a user with an invalid email address&quot;)&#10;public void iTryToAddAUserWithAnInvalidEmailAddress() {&#10;    // Write code here that turns the phrase above into concrete actions&#10;    throw new io.cucumber.java.PendingException();&#10;}&#10;@Then(&quot;I should be notified that the email format is invalid&quot;)&#10;public void iShouldBeNotifiedThatTheEmailFormatIsInvalid() {&#10;    // Write code here that turns the phrase above into concrete actions&#10;    throw new io.cucumber.java.PendingException();&#10;}&#10;@Then(&quot;I should be prompted to enter a valid email address&quot;)&#10;public void iShouldBePromptedToEnterAValidEmailAddress() {&#10;    // Write code here that turns the phrase above into concrete actions&#10;    throw new io.cucumber.java.PendingException();&#10;}&#10;" type="io.cucumber.junit.UndefinedStepException"><![CDATA[io.cucumber.junit.UndefinedStepException: 
The step 'I am logged in as an admin' and 3 other step(s) are undefined.
You can implement these steps using the snippet(s) below:

@Given("I am logged in as an admin")
public void iAmLoggedInAsAnAdmin() {
    // Write code here that turns the phrase above into concrete actions
    throw new io.cucumber.java.PendingException();
}
@When("I try to add a user with an invalid email address")
public void iTryToAddAUserWithAnInvalidEmailAddress() {
    // Write code here that turns the phrase above into concrete actions
    throw new io.cucumber.java.PendingException();
}
@Then("I should be notified that the email format is invalid")
public void iShouldBeNotifiedThatTheEmailFormatIsInvalid() {
    // Write code here that turns the phrase above into concrete actions
    throw new io.cucumber.java.PendingException();
}
@Then("I should be prompted to enter a valid email address")
public void iShouldBePromptedToEnterAValidEmailAddress() {
    // Write code here that turns the phrase above into concrete actions
    throw new io.cucumber.java.PendingException();
}

]]></error>
    <system-out><![CDATA[
@tag @tag5
Scenario: Invalid Email Format                               # Features/userMangmentFeature.feature:43
  Given I am logged in as an admin
  When I try to add a user with an invalid email address
  Then I should be notified that the email format is invalid
  And I should be prompted to enter a valid email address
]]></system-out>
  </testcase>
</testsuite>